[INFO ] 17:16:39.781 [main] c.orderway.OrderWaySystemApplication - Starting OrderWaySystemApplication using Java 1.8.0_261 on DESKTOP-9K8F50F with PID 23772 (D:\project\new\orderway-base-parent\orderway-base-parent\orderway-system\target\classes started by Dell in D:\project\new\orderway-base-parent\orderway-base-parent)
[DEBUG] 17:16:39.785 [main] c.orderway.OrderWaySystemApplication - Running with Spring Boot v2.4.2, Spring v5.3.3
[INFO ] 17:16:39.786 [main] c.orderway.OrderWaySystemApplication - The following profiles are active: local
[WARN ] 17:16:48.449 [main] c.o.c.c.c.ConstantContextHolder - >>> 系统配置sys_config表中存在空项，configCode为：GUNS_DRUID_USERNAME，系统采用默认值：cr1k9sm2gd
[WARN ] 17:16:48.451 [main] c.o.c.c.c.ConstantContextHolder - >>> 系统配置sys_config表中存在空项，configCode为：GUNS_DRUID_PASSWORD，系统采用默认值：x566tjl8fc
[WARN ] 17:16:50.021 [main] c.o.c.c.c.ConstantContextHolder - >>> 系统配置sys_config表中存在空项，configCode为：GUNS_FILE_UPLOAD_PATH_FOR_WINDOWS，系统采用默认值：
[WARN ] 17:16:50.021 [main] c.o.c.c.c.ConstantContextHolder - >>> 系统配置sys_config表中存在空项，configCode为：GUNS_FILE_UPLOAD_PATH_FOR_LINUX，系统采用默认值：
[DEBUG] 17:16:50.808 [main] c.o.s.b.c.f.s.JwtAuthenticationTokenFilter - Filter 'jwtAuthenticationTokenFilter' configured for use
[INFO ] 17:16:58.084 [main] c.orderway.OrderWaySystemApplication - Started OrderWaySystemApplication in 19.09 seconds (JVM running for 20.049)
[WARN ] 17:16:58.156 [main] c.o.c.c.c.ConstantContextHolder - >>> 系统配置sys_config表中存在空项，configCode为：GUNS_DEMO_ENV_FLAG，系统采用默认值：false
[DEBUG] 17:16:58.157 [main] c.o.s.b.m.t.m.S.selectList - ==>  Preparing: SELECT id,timer_name,action_class,cron,job_status,remark,create_time,create_user,update_time,update_user FROM sys_timers WHERE (job_status LIKE ?)
[DEBUG] 17:16:58.308 [main] c.o.s.b.m.t.m.S.selectList - ==> Parameters: %1%(String)
[DEBUG] 17:16:58.324 [main] c.o.s.b.m.t.m.S.selectList - <==      Total: 1
[INFO ] 17:16:58.366 [main] c.o.s.b.c.l.ResourceCollectListener - >>> 缓存资源URL集合完成!资源数量：177
[INFO ] 17:16:58.367 [main] c.orderway.OrderWaySystemApplication - >>> OrderWaySystemApplication is success!
[INFO ] 17:17:22.365 [http-nio-82-exec-1] c.o.s.b.c.f.s.JwtAuthenticationTokenFilter - ===req url=>>>/doc.html
[WARN ] 17:17:22.383 [http-nio-82-exec-1] c.o.c.c.c.ConstantContextHolder - >>> 系统配置sys_config表中存在空项，configCode为：GUNS_UN_XSS_FILTER_URL，系统采用默认值：null
[INFO ] 17:17:22.482 [http-nio-82-exec-2] c.o.s.b.c.f.s.JwtAuthenticationTokenFilter - ===req url=>>>/webjars/bycdao-ui/ext/i18n.js
[WARN ] 17:17:22.482 [http-nio-82-exec-2] c.o.c.c.c.ConstantContextHolder - >>> 系统配置sys_config表中存在空项，configCode为：GUNS_UN_XSS_FILTER_URL，系统采用默认值：null
[INFO ] 17:17:22.501 [http-nio-82-exec-3] c.o.s.b.c.f.s.JwtAuthenticationTokenFilter - ===req url=>>>/webjars/bycdao-ui/jquery/jquery-1.12.4.min.js
[WARN ] 17:17:22.502 [http-nio-82-exec-3] c.o.c.c.c.ConstantContextHolder - >>> 系统配置sys_config表中存在空项，configCode为：GUNS_UN_XSS_FILTER_URL，系统采用默认值：null
[INFO ] 17:17:22.502 [http-nio-82-exec-4] c.o.s.b.c.f.s.JwtAuthenticationTokenFilter - ===req url=>>>/webjars/bycdao-ui/ace/bootstrap.min.js
[WARN ] 17:17:22.503 [http-nio-82-exec-4] c.o.c.c.c.ConstantContextHolder - >>> 系统配置sys_config表中存在空项，configCode为：GUNS_UN_XSS_FILTER_URL，系统采用默认值：null
[INFO ] 17:17:22.504 [http-nio-82-exec-6] c.o.s.b.c.f.s.JwtAuthenticationTokenFilter - ===req url=>>>/webjars/bycdao-ui/layer3.0.3/skin/default/layer.css
[INFO ] 17:17:22.505 [http-nio-82-exec-8] c.o.s.b.c.f.s.JwtAuthenticationTokenFilter - ===req url=>>>/webjars/bycdao-ui/highlight/styles/docco.css
[INFO ] 17:17:22.505 [http-nio-82-exec-5] c.o.s.b.c.f.s.JwtAuthenticationTokenFilter - ===req url=>>>/webjars/bycdao-ui/bootstrap/css/bootstrap.min.css
[WARN ] 17:17:22.505 [http-nio-82-exec-6] c.o.c.c.c.ConstantContextHolder - >>> 系统配置sys_config表中存在空项，configCode为：GUNS_UN_XSS_FILTER_URL，系统采用默认值：null
[INFO ] 17:17:22.505 [http-nio-82-exec-7] c.o.s.b.c.f.s.JwtAuthenticationTokenFilter - ===req url=>>>/webjars/bycdao-ui/highlight/styles/style.css
[WARN ] 17:17:22.505 [http-nio-82-exec-8] c.o.c.c.c.ConstantContextHolder - >>> 系统配置sys_config表中存在空项，configCode为：GUNS_UN_XSS_FILTER_URL，系统采用默认值：null
[WARN ] 17:17:22.505 [http-nio-82-exec-5] c.o.c.c.c.ConstantContextHolder - >>> 系统配置sys_config表中存在空项，configCode为：GUNS_UN_XSS_FILTER_URL，系统采用默认值：null
[WARN ] 17:17:22.505 [http-nio-82-exec-7] c.o.c.c.c.ConstantContextHolder - >>> 系统配置sys_config表中存在空项，configCode为：GUNS_UN_XSS_FILTER_URL，系统采用默认值：null
[INFO ] 17:17:22.511 [http-nio-82-exec-8] c.o.s.b.c.f.s.JwtAuthenticationTokenFilter - ===req url=>>>/webjars/bycdao-ui/highlight/styles/default.css
[WARN ] 17:17:22.511 [http-nio-82-exec-8] c.o.c.c.c.ConstantContextHolder - >>> 系统配置sys_config表中存在空项，configCode为：GUNS_UN_XSS_FILTER_URL，系统采用默认值：null
[INFO ] 17:17:22.515 [http-nio-82-exec-9] c.o.s.b.c.f.s.JwtAuthenticationTokenFilter - ===req url=>>>/webjars/bycdao-ui/cdao/swaggerbootstrapui.css
[WARN ] 17:17:22.515 [http-nio-82-exec-9] c.o.c.c.c.ConstantContextHolder - >>> 系统配置sys_config表中存在空项，configCode为：GUNS_UN_XSS_FILTER_URL，系统采用默认值：null
[INFO ] 17:17:22.569 [http-nio-82-exec-10] c.o.s.b.c.f.s.JwtAuthenticationTokenFilter - ===req url=>>>/webjars/bycdao-ui/iconfont/iconfont.css
[WARN ] 17:17:22.569 [http-nio-82-exec-10] c.o.c.c.c.ConstantContextHolder - >>> 系统配置sys_config表中存在空项，configCode为：GUNS_UN_XSS_FILTER_URL，系统采用默认值：null
[INFO ] 17:17:22.600 [http-nio-82-exec-1] c.o.s.b.c.f.s.JwtAuthenticationTokenFilter - ===req url=>>>/webjars/bycdao-ui/layui/css/layui.css
[INFO ] 17:17:22.600 [http-nio-82-exec-4] c.o.s.b.c.f.s.JwtAuthenticationTokenFilter - ===req url=>>>/webjars/bycdao-ui/bootstrap-tabx/css/bootstrap-tabs-x.min.css
[INFO ] 17:17:22.600 [http-nio-82-exec-2] c.o.s.b.c.f.s.JwtAuthenticationTokenFilter - ===req url=>>>/webjars/bycdao-ui/ext/sbuadmin.css
[INFO ] 17:17:22.600 [http-nio-82-exec-8] c.o.s.b.c.f.s.JwtAuthenticationTokenFilter - ===req url=>>>/webjars/bycdao-ui/ext/editormd.min.css
[WARN ] 17:17:22.600 [http-nio-82-exec-2] c.o.c.c.c.ConstantContextHolder - >>> 系统配置sys_config表中存在空项，configCode为：GUNS_UN_XSS_FILTER_URL，系统采用默认值：null
[WARN ] 17:17:22.600 [http-nio-82-exec-1] c.o.c.c.c.ConstantContextHolder - >>> 系统配置sys_config表中存在空项，configCode为：GUNS_UN_XSS_FILTER_URL，系统采用默认值：null
[WARN ] 17:17:22.600 [http-nio-82-exec-4] c.o.c.c.c.ConstantContextHolder - >>> 系统配置sys_config表中存在空项，configCode为：GUNS_UN_XSS_FILTER_URL，系统采用默认值：null
[WARN ] 17:17:22.600 [http-nio-82-exec-8] c.o.c.c.c.ConstantContextHolder - >>> 系统配置sys_config表中存在空项，configCode为：GUNS_UN_XSS_FILTER_URL，系统采用默认值：null
[INFO ] 17:17:22.602 [http-nio-82-exec-6] c.o.s.b.c.f.s.JwtAuthenticationTokenFilter - ===req url=>>>/webjars/bycdao-ui/cdao/swaggerbootstrapui-md.css
[INFO ] 17:17:22.602 [http-nio-82-exec-5] c.o.s.b.c.f.s.JwtAuthenticationTokenFilter - ===req url=>>>/webjars/bycdao-ui/ace/ace.min.js
[WARN ] 17:17:22.602 [http-nio-82-exec-6] c.o.c.c.c.ConstantContextHolder - >>> 系统配置sys_config表中存在空项，configCode为：GUNS_UN_XSS_FILTER_URL，系统采用默认值：null
[WARN ] 17:17:22.603 [http-nio-82-exec-5] c.o.c.c.c.ConstantContextHolder - >>> 系统配置sys_config表中存在空项，configCode为：GUNS_UN_XSS_FILTER_URL，系统采用默认值：null
[INFO ] 17:17:22.610 [http-nio-82-exec-10] c.o.s.b.c.f.s.JwtAuthenticationTokenFilter - ===req url=>>>/webjars/bycdao-ui/jquery/marked.js
[INFO ] 17:17:22.610 [http-nio-82-exec-3] c.o.s.b.c.f.s.JwtAuthenticationTokenFilter - ===req url=>>>/webjars/bycdao-ui/jquery/clipboard/clipboard.min.js
[INFO ] 17:17:22.610 [http-nio-82-exec-6] c.o.s.b.c.f.s.JwtAuthenticationTokenFilter - ===req url=>>>/webjars/bycdao-ui/jquery/template-web.js
[INFO ] 17:17:22.610 [http-nio-82-exec-4] c.o.s.b.c.f.s.JwtAuthenticationTokenFilter - ===req url=>>>/webjars/bycdao-ui/jquery/axios.min.js
[INFO ] 17:17:22.610 [http-nio-82-exec-9] c.o.s.b.c.f.s.JwtAuthenticationTokenFilter - ===req url=>>>/webjars/bycdao-ui/highlight/highlight.pack.js
[INFO ] 17:17:22.610 [http-nio-82-exec-7] c.o.s.b.c.f.s.JwtAuthenticationTokenFilter - ===req url=>>>/webjars/bycdao-ui/layer3.0.3/layer.js
[WARN ] 17:17:22.611 [http-nio-82-exec-3] c.o.c.c.c.ConstantContextHolder - >>> 系统配置sys_config表中存在空项，configCode为：GUNS_UN_XSS_FILTER_URL，系统采用默认值：null
[WARN ] 17:17:22.611 [http-nio-82-exec-4] c.o.c.c.c.ConstantContextHolder - >>> 系统配置sys_config表中存在空项，configCode为：GUNS_UN_XSS_FILTER_URL，系统采用默认值：null
[WARN ] 17:17:22.611 [http-nio-82-exec-10] c.o.c.c.c.ConstantContextHolder - >>> 系统配置sys_config表中存在空项，configCode为：GUNS_UN_XSS_FILTER_URL，系统采用默认值：null
[WARN ] 17:17:22.611 [http-nio-82-exec-6] c.o.c.c.c.ConstantContextHolder - >>> 系统配置sys_config表中存在空项，configCode为：GUNS_UN_XSS_FILTER_URL，系统采用默认值：null
[WARN ] 17:17:22.611 [http-nio-82-exec-9] c.o.c.c.c.ConstantContextHolder - >>> 系统配置sys_config表中存在空项，configCode为：GUNS_UN_XSS_FILTER_URL，系统采用默认值：null
[WARN ] 17:17:22.611 [http-nio-82-exec-7] c.o.c.c.c.ConstantContextHolder - >>> 系统配置sys_config表中存在空项，configCode为：GUNS_UN_XSS_FILTER_URL，系统采用默认值：null
[INFO ] 17:17:22.617 [http-nio-82-exec-5] c.o.s.b.c.f.s.JwtAuthenticationTokenFilter - ===req url=>>>/webjars/bycdao-ui/ace-editor/ace.js
[INFO ] 17:17:22.617 [http-nio-82-exec-8] c.o.s.b.c.f.s.JwtAuthenticationTokenFilter - ===req url=>>>/webjars/bycdao-ui/layui/layui.js
[INFO ] 17:17:22.617 [http-nio-82-exec-2] c.o.s.b.c.f.s.JwtAuthenticationTokenFilter - ===req url=>>>/webjars/bycdao-ui/bootstrap-tabx/js/bootstrap-tabs-x.min.js
[WARN ] 17:17:22.618 [http-nio-82-exec-5] c.o.c.c.c.ConstantContextHolder - >>> 系统配置sys_config表中存在空项，configCode为：GUNS_UN_XSS_FILTER_URL，系统采用默认值：null
[WARN ] 17:17:22.618 [http-nio-82-exec-2] c.o.c.c.c.ConstantContextHolder - >>> 系统配置sys_config表中存在空项，configCode为：GUNS_UN_XSS_FILTER_URL，系统采用默认值：null
[WARN ] 17:17:22.618 [http-nio-82-exec-8] c.o.c.c.c.ConstantContextHolder - >>> 系统配置sys_config表中存在空项，configCode为：GUNS_UN_XSS_FILTER_URL，系统采用默认值：null
[INFO ] 17:17:22.650 [http-nio-82-exec-6] c.o.s.b.c.f.s.JwtAuthenticationTokenFilter - ===req url=>>>/webjars/bycdao-ui/layer3.0.3/skin/default/layer.css
[WARN ] 17:17:22.650 [http-nio-82-exec-6] c.o.c.c.c.ConstantContextHolder - >>> 系统配置sys_config表中存在空项，configCode为：GUNS_UN_XSS_FILTER_URL，系统采用默认值：null
[INFO ] 17:17:22.651 [http-nio-82-exec-1] c.o.s.b.c.f.s.JwtAuthenticationTokenFilter - ===req url=>>>/webjars/bycdao-ui/jquery/showdown.min.js
[WARN ] 17:17:22.651 [http-nio-82-exec-1] c.o.c.c.c.ConstantContextHolder - >>> 系统配置sys_config表中存在空项，configCode为：GUNS_UN_XSS_FILTER_URL，系统采用默认值：null
[INFO ] 17:17:22.654 [http-nio-82-exec-4] c.o.s.b.c.f.s.JwtAuthenticationTokenFilter - ===req url=>>>/webjars/bycdao-ui/jquery/async.min.js
[WARN ] 17:17:22.654 [http-nio-82-exec-4] c.o.c.c.c.ConstantContextHolder - >>> 系统配置sys_config表中存在空项，configCode为：GUNS_UN_XSS_FILTER_URL，系统采用默认值：null
[INFO ] 17:17:22.657 [http-nio-82-exec-10] c.o.s.b.c.f.s.JwtAuthenticationTokenFilter - ===req url=>>>/webjars/bycdao-ui/cdao/swaggerbootstrapui.js
[INFO ] 17:17:22.657 [http-nio-82-exec-7] c.o.s.b.c.f.s.JwtAuthenticationTokenFilter - ===req url=>>>/webjars/bycdao-ui/jquery/json5.js
[INFO ] 17:17:22.657 [http-nio-82-exec-3] c.o.s.b.c.f.s.JwtAuthenticationTokenFilter - ===req url=>>>/webjars/bycdao-ui/jquery/md5.min.js
[WARN ] 17:17:22.658 [http-nio-82-exec-3] c.o.c.c.c.ConstantContextHolder - >>> 系统配置sys_config表中存在空项，configCode为：GUNS_UN_XSS_FILTER_URL，系统采用默认值：null
[WARN ] 17:17:22.658 [http-nio-82-exec-10] c.o.c.c.c.ConstantContextHolder - >>> 系统配置sys_config表中存在空项，configCode为：GUNS_UN_XSS_FILTER_URL，系统采用默认值：null
[WARN ] 17:17:22.658 [http-nio-82-exec-7] c.o.c.c.c.ConstantContextHolder - >>> 系统配置sys_config表中存在空项，configCode为：GUNS_UN_XSS_FILTER_URL，系统采用默认值：null
[INFO ] 17:17:23.447 [http-nio-82-exec-9] c.o.s.b.c.f.s.JwtAuthenticationTokenFilter - ===req url=>>>/webjars/bycdao-ui/ext/sbuadmin.js
[WARN ] 17:17:23.447 [http-nio-82-exec-9] c.o.c.c.c.ConstantContextHolder - >>> 系统配置sys_config表中存在空项，configCode为：GUNS_UN_XSS_FILTER_URL，系统采用默认值：null
[INFO ] 17:17:23.452 [http-nio-82-exec-8] c.o.s.b.c.f.s.JwtAuthenticationTokenFilter - ===req url=>>>/webjars/bycdao-ui/layui/lay/modules/layer.js
[WARN ] 17:17:23.453 [http-nio-82-exec-8] c.o.c.c.c.ConstantContextHolder - >>> 系统配置sys_config表中存在空项，configCode为：GUNS_UN_XSS_FILTER_URL，系统采用默认值：null
[INFO ] 17:17:23.459 [http-nio-82-exec-2] c.o.s.b.c.f.s.JwtAuthenticationTokenFilter - ===req url=>>>/webjars/bycdao-ui/layui/css/modules/layer/default/layer.css
[INFO ] 17:17:23.459 [http-nio-82-exec-6] c.o.s.b.c.f.s.JwtAuthenticationTokenFilter - ===req url=>>>/webjars/bycdao-ui/layui/lay/modules/element.js
[WARN ] 17:17:23.459 [http-nio-82-exec-6] c.o.c.c.c.ConstantContextHolder - >>> 系统配置sys_config表中存在空项，configCode为：GUNS_UN_XSS_FILTER_URL，系统采用默认值：null
[WARN ] 17:17:23.459 [http-nio-82-exec-2] c.o.c.c.c.ConstantContextHolder - >>> 系统配置sys_config表中存在空项，configCode为：GUNS_UN_XSS_FILTER_URL，系统采用默认值：null
[INFO ] 17:17:23.468 [http-nio-82-exec-1] c.o.s.b.c.f.s.JwtAuthenticationTokenFilter - ===req url=>>>/webjars/bycdao-ui/ext/treetable.js
[WARN ] 17:17:23.468 [http-nio-82-exec-1] c.o.c.c.c.ConstantContextHolder - >>> 系统配置sys_config表中存在空项，configCode为：GUNS_UN_XSS_FILTER_URL，系统采用默认值：null
[INFO ] 17:17:23.474 [http-nio-82-exec-4] c.o.s.b.c.f.s.JwtAuthenticationTokenFilter - ===req url=>>>/webjars/bycdao-ui/layui/lay/modules/table.js
[WARN ] 17:17:23.475 [http-nio-82-exec-4] c.o.c.c.c.ConstantContextHolder - >>> 系统配置sys_config表中存在空项，configCode为：GUNS_UN_XSS_FILTER_URL，系统采用默认值：null
[INFO ] 17:17:23.481 [http-nio-82-exec-3] c.o.s.b.c.f.s.JwtAuthenticationTokenFilter - ===req url=>>>/webjars/bycdao-ui/layui/lay/modules/laytpl.js
[WARN ] 17:17:23.481 [http-nio-82-exec-3] c.o.c.c.c.ConstantContextHolder - >>> 系统配置sys_config表中存在空项，configCode为：GUNS_UN_XSS_FILTER_URL，系统采用默认值：null
[INFO ] 17:17:23.514 [http-nio-82-exec-7] c.o.s.b.c.f.s.JwtAuthenticationTokenFilter - ===req url=>>>/webjars/bycdao-ui/layui/lay/modules/laypage.js
[WARN ] 17:17:23.514 [http-nio-82-exec-7] c.o.c.c.c.ConstantContextHolder - >>> 系统配置sys_config表中存在空项，configCode为：GUNS_UN_XSS_FILTER_URL，系统采用默认值：null
[INFO ] 17:17:23.520 [http-nio-82-exec-5] c.o.s.b.c.f.s.JwtAuthenticationTokenFilter - ===req url=>>>/webjars/bycdao-ui/layui/lay/modules/form.js
[WARN ] 17:17:23.520 [http-nio-82-exec-5] c.o.c.c.c.ConstantContextHolder - >>> 系统配置sys_config表中存在空项，configCode为：GUNS_UN_XSS_FILTER_URL，系统采用默认值：null
[INFO ] 17:17:23.527 [http-nio-82-exec-10] c.o.s.b.c.f.s.JwtAuthenticationTokenFilter - ===req url=>>>/webjars/bycdao-ui/layui/lay/modules/util.js
[WARN ] 17:17:23.527 [http-nio-82-exec-10] c.o.c.c.c.ConstantContextHolder - >>> 系统配置sys_config表中存在空项，configCode为：GUNS_UN_XSS_FILTER_URL，系统采用默认值：null
[INFO ] 17:17:23.537 [http-nio-82-exec-9] c.o.s.b.c.f.s.JwtAuthenticationTokenFilter - ===req url=>>>/webjars/bycdao-ui/ext/treetable-lay/treetable.css
[WARN ] 17:17:23.538 [http-nio-82-exec-9] c.o.c.c.c.ConstantContextHolder - >>> 系统配置sys_config表中存在空项，configCode为：GUNS_UN_XSS_FILTER_URL，系统采用默认值：null
[INFO ] 17:17:23.546 [http-nio-82-exec-2] c.o.s.b.c.f.s.JwtAuthenticationTokenFilter - ===req url=>>>/swagger-resources
[INFO ] 17:17:23.546 [http-nio-82-exec-8] c.o.s.b.c.f.s.JwtAuthenticationTokenFilter - ===req url=>>>/swagger-resources/configuration/ui
[WARN ] 17:17:23.546 [http-nio-82-exec-2] c.o.c.c.c.ConstantContextHolder - >>> 系统配置sys_config表中存在空项，configCode为：GUNS_UN_XSS_FILTER_URL，系统采用默认值：null
[WARN ] 17:17:23.548 [http-nio-82-exec-8] c.o.c.c.c.ConstantContextHolder - >>> 系统配置sys_config表中存在空项，configCode为：GUNS_UN_XSS_FILTER_URL，系统采用默认值：null
[INFO ] 17:17:23.883 [http-nio-82-exec-7] c.o.s.b.c.f.s.JwtAuthenticationTokenFilter - ===req url=>>>/v2/api-docs
[WARN ] 17:17:23.884 [http-nio-82-exec-7] c.o.c.c.c.ConstantContextHolder - >>> 系统配置sys_config表中存在空项，configCode为：GUNS_UN_XSS_FILTER_URL，系统采用默认值：null
[INFO ] 17:17:31.563 [http-nio-82-exec-5] c.o.s.b.c.f.s.JwtAuthenticationTokenFilter - ===req url=>>>/webjars/bycdao-ui/ace-editor/mode-json.js
[INFO ] 17:17:31.563 [http-nio-82-exec-10] c.o.s.b.c.f.s.JwtAuthenticationTokenFilter - ===req url=>>>/webjars/bycdao-ui/ace-editor/theme-eclipse.js
[WARN ] 17:17:31.563 [http-nio-82-exec-5] c.o.c.c.c.ConstantContextHolder - >>> 系统配置sys_config表中存在空项，configCode为：GUNS_UN_XSS_FILTER_URL，系统采用默认值：null
[WARN ] 17:17:31.563 [http-nio-82-exec-10] c.o.c.c.c.ConstantContextHolder - >>> 系统配置sys_config表中存在空项，configCode为：GUNS_UN_XSS_FILTER_URL，系统采用默认值：null
[INFO ] 17:17:31.606 [http-nio-82-exec-9] c.o.s.b.c.f.s.JwtAuthenticationTokenFilter - ===req url=>>>/webjars/bycdao-ui/layui/font/iconfont.woff
[WARN ] 17:17:31.606 [http-nio-82-exec-9] c.o.c.c.c.ConstantContextHolder - >>> 系统配置sys_config表中存在空项，configCode为：GUNS_UN_XSS_FILTER_URL，系统采用默认值：null
[INFO ] 17:17:31.619 [http-nio-82-exec-1] c.o.s.b.c.f.s.JwtAuthenticationTokenFilter - ===req url=>>>/webjars/bycdao-ui/ace-editor/worker-json.js
[WARN ] 17:17:31.619 [http-nio-82-exec-1] c.o.c.c.c.ConstantContextHolder - >>> 系统配置sys_config表中存在空项，configCode为：GUNS_UN_XSS_FILTER_URL，系统采用默认值：null
[INFO ] 17:17:33.161 [http-nio-82-exec-3] c.o.s.b.c.f.s.JwtAuthenticationTokenFilter - ===req url=>>>/webjars/bycdao-ui/layer3.0.3/skin/default/loading-1.gif
[WARN ] 17:17:33.161 [http-nio-82-exec-3] c.o.c.c.c.ConstantContextHolder - >>> 系统配置sys_config表中存在空项，configCode为：GUNS_UN_XSS_FILTER_URL，系统采用默认值：null
[INFO ] 17:17:33.164 [http-nio-82-exec-4] c.o.s.b.c.f.s.JwtAuthenticationTokenFilter - ===req url=>>>/sysApp/selectAll
[INFO ] 17:17:33.228 [http-nio-82-exec-6] c.o.s.b.c.f.s.JwtAuthenticationTokenFilter - ===req url=>>>/webjars/bycdao-ui/ace-editor/worker-json.js
[WARN ] 17:17:33.228 [http-nio-82-exec-6] c.o.c.c.c.ConstantContextHolder - >>> 系统配置sys_config表中存在空项，configCode为：GUNS_UN_XSS_FILTER_URL，系统采用默认值：null
[INFO ] 17:17:46.579 [http-nio-82-exec-7] c.o.s.b.c.f.s.JwtAuthenticationTokenFilter - ===req url=>>>/webjars/bycdao-ui/ace-editor/worker-json.js
[WARN ] 17:17:46.579 [http-nio-82-exec-7] c.o.c.c.c.ConstantContextHolder - >>> 系统配置sys_config表中存在空项，configCode为：GUNS_UN_XSS_FILTER_URL，系统采用默认值：null
[INFO ] 17:17:46.586 [http-nio-82-exec-10] c.o.s.b.c.f.s.JwtAuthenticationTokenFilter - ===req url=>>>/webjars/bycdao-ui/ace-editor/worker-json.js
[WARN ] 17:17:46.586 [http-nio-82-exec-10] c.o.c.c.c.ConstantContextHolder - >>> 系统配置sys_config表中存在空项，configCode为：GUNS_UN_XSS_FILTER_URL，系统采用默认值：null
[INFO ] 17:17:49.515 [http-nio-82-exec-5] c.o.s.b.c.f.s.JwtAuthenticationTokenFilter - ===req url=>>>/handler/new/login
[WARN ] 17:17:49.515 [http-nio-82-exec-5] c.o.c.c.c.ConstantContextHolder - >>> 系统配置sys_config表中存在空项，configCode为：GUNS_UN_XSS_FILTER_URL，系统采用默认值：null
[DEBUG] 17:17:49.594 [http-nio-82-exec-5] c.o.c.w.GunsRequestResponseBodyMethodProcessor - Read "application/json;charset=UTF-8" to [{account=superAdmin, password=123456, c_type=1}]
[DEBUG] 17:17:49.622 [http-nio-82-exec-5] c.o.s.b.m.u.m.S.selectOne - ==>  Preparing: SELECT id,account,password,nick_name,name,avatar,birthday,sex,email,phone,tel,last_login_ip,last_login_time,admin_type,status,create_time,create_user,update_time,update_user FROM sys_user WHERE (account = ? AND status <> ?)
[DEBUG] 17:17:49.625 [http-nio-82-exec-5] c.o.s.b.m.u.m.S.selectOne - ==> Parameters: superAdmin(String), 2(Integer)
[DEBUG] 17:17:49.629 [http-nio-82-exec-5] c.o.s.b.m.u.m.S.selectOne - <==      Total: 1
[DEBUG] 17:17:49.807 [http-nio-82-exec-5] c.o.s.b.m.e.m.S.selectById - ==>  Preparing: SELECT id,job_num,org_id,org_name FROM sys_emp WHERE id=?
[DEBUG] 17:17:49.810 [http-nio-82-exec-5] c.o.s.b.m.e.m.S.selectById - ==> Parameters: 1265476890672672808(Long)
[DEBUG] 17:17:49.811 [http-nio-82-exec-5] c.o.s.b.m.e.m.S.selectById - <==      Total: 0
[DEBUG] 17:17:49.826 [http-nio-82-exec-5] c.o.s.b.m.r.m.S.selectMaps - ==>  Preparing: SELECT id,name,code,sort,data_scope_type,remark,status,app_code,create_time,create_user,update_time,update_user FROM sys_role
[DEBUG] 17:17:49.826 [http-nio-82-exec-5] c.o.s.b.m.r.m.S.selectMaps - ==> Parameters: 
[DEBUG] 17:17:49.834 [http-nio-82-exec-5] c.o.s.b.m.r.m.S.selectMaps - <==      Total: 33
[DEBUG] 17:17:49.852 [http-nio-82-exec-5] c.o.s.b.m.u.m.S.selectList - ==>  Preparing: SELECT id,user_id,role_id FROM sys_user_role WHERE (user_id = ?)
[DEBUG] 17:17:49.852 [http-nio-82-exec-5] c.o.s.b.m.u.m.S.selectList - ==> Parameters: 1265476890672672808(Long)
[DEBUG] 17:17:49.854 [http-nio-82-exec-5] c.o.s.b.m.u.m.S.selectList - <==      Total: 0
[DEBUG] 17:17:49.873 [http-nio-82-exec-5] c.o.s.b.m.a.m.S.getAllByRoleIds - ==>  Preparing: select * from sys_app where 1=1 and status = 0 and code in ( select DISTINCT app_code from sys_role where id in ( ? , ? , ? , ? , ? , ? , ? , ? , ? , ? , ? , ? , ? , ? , ? , ? , ? , ? , ? , ? , ? , ? , ? , ? , ? , ? , ? , ? , ? , ? , ? , ? , ? ) )
[DEBUG] 17:17:49.879 [http-nio-82-exec-5] c.o.s.b.m.a.m.S.getAllByRoleIds - ==> Parameters: 1572466849276665858(Long), 1572467157792890882(Long), 1265476890672672819(Long), 1574954493734809601(Long), 1596017381436551169(Long), 1265476890672672817(Long), 1595982746371485697(Long), 1604760387871879169(Long), 1584740830946414593(Long), 1614826961213837313(Long), 1265476890672672818(Long), 1620716034931605505(Long), 1622486284144144386(Long), 1572472967579230210(Long), 1579001040872587266(Long), 1579001927753973762(Long), 1572473028459552769(Long), 1572478187487027202(Long), 1572464607488331778(Long), 1572471114946764802(Long), 1572397244917579778(Long), 1572397194858561537(Long), 1583359711160270849(Long), 1574954346682511362(Long), 1583374001816698882(Long), 1570295189113466881(Long), 1566606767449800705(Long), 1587281013973635073(Long), 1595981905853935618(Long), 1595982017506308098(Long), 1595982206145130497(Long), 1595982567199207425(Long), 1572871104131112962(Long)
[DEBUG] 17:17:49.886 [http-nio-82-exec-5] c.o.s.b.m.a.m.S.getAllByRoleIds - <==      Total: 16
[DEBUG] 17:17:49.893 [http-nio-82-exec-5] c.o.s.b.m.u.m.S.selectById - ==>  Preparing: SELECT id,account,password,nick_name,name,avatar,birthday,sex,email,phone,tel,last_login_ip,last_login_time,admin_type,status,create_time,create_user,update_time,update_user FROM sys_user WHERE id=?
[DEBUG] 17:17:49.895 [http-nio-82-exec-5] c.o.s.b.m.u.m.S.selectById - ==> Parameters: 1265476890672672808(Long)
[DEBUG] 17:17:49.897 [http-nio-82-exec-5] c.o.s.b.m.u.m.S.selectById - <==      Total: 1
[DEBUG] 17:17:49.916 [http-nio-82-exec-5] c.o.s.b.m.m.m.S.selectList - ==>  Preparing: SELECT id,pid,pids,name,code,type,icon,router,component,permission,application,open_type,visible,link,redirect,weight,sort,remark,status,create_time,create_user,update_time,update_user FROM sys_menu WHERE (status = ? AND application = ? AND type NOT IN (?) AND weight NOT IN (?)) ORDER BY sort ASC
[DEBUG] 17:17:49.923 [http-nio-82-exec-5] c.o.s.b.m.m.m.S.selectList - ==> Parameters: 0(Integer), system(String), 2(Integer), 2(Integer)
[DEBUG] 17:17:49.939 [http-nio-82-exec-5] c.o.s.b.m.m.m.S.selectList - <==      Total: 32
[WARN ] 17:17:49.943 [http-nio-82-exec-5] c.o.c.c.c.ConstantContextHolder - >>> 系统配置sys_config表中存在空项，configCode为：GUNS_TENANT_OPEN，系统采用默认值：false
[WARN ] 17:17:49.946 [http-nio-82-exec-5] c.o.c.c.c.ConstantContextHolder - >>> 系统配置sys_config表中存在空项，configCode为：pc_token_expire，系统采用默认值：3600
[ERROR] 17:17:52.063 [http-nio-82-exec-5] c.o.s.b.c.e.GlobalExceptionHandler - >>> 服务器运行异常，请求号为：4a358cef-09b8-4243-a702-ce0ff234ede4
[INFO ] 17:17:52.096 [http-nio-82-exec-9] c.o.s.b.c.f.s.JwtAuthenticationTokenFilter - ===req url=>>>/webjars/bycdao-ui/ace-editor/worker-json.js
[WARN ] 17:17:52.096 [http-nio-82-exec-9] c.o.c.c.c.ConstantContextHolder - >>> 系统配置sys_config表中存在空项，configCode为：GUNS_UN_XSS_FILTER_URL，系统采用默认值：null
[INFO ] 17:18:54.067 [main] c.orderway.OrderWaySystemApplication - Starting OrderWaySystemApplication using Java 1.8.0_261 on DESKTOP-9K8F50F with PID 20080 (D:\project\new\orderway-base-parent\orderway-base-parent\orderway-system\target\classes started by Dell in D:\project\new\orderway-base-parent\orderway-base-parent)
[DEBUG] 17:18:54.068 [main] c.orderway.OrderWaySystemApplication - Running with Spring Boot v2.4.2, Spring v5.3.3
[INFO ] 17:18:54.068 [main] c.orderway.OrderWaySystemApplication - The following profiles are active: local
[WARN ] 17:18:56.118 [main] c.o.c.c.c.ConstantContextHolder - >>> 系统配置sys_config表中存在空项，configCode为：GUNS_DRUID_USERNAME，系统采用默认值：rjjg83oxaz
[WARN ] 17:18:56.118 [main] c.o.c.c.c.ConstantContextHolder - >>> 系统配置sys_config表中存在空项，configCode为：GUNS_DRUID_PASSWORD，系统采用默认值：csgoanatg5
[WARN ] 17:18:57.430 [main] c.o.c.c.c.ConstantContextHolder - >>> 系统配置sys_config表中存在空项，configCode为：GUNS_FILE_UPLOAD_PATH_FOR_WINDOWS，系统采用默认值：
[WARN ] 17:18:57.430 [main] c.o.c.c.c.ConstantContextHolder - >>> 系统配置sys_config表中存在空项，configCode为：GUNS_FILE_UPLOAD_PATH_FOR_LINUX，系统采用默认值：
[DEBUG] 17:18:57.912 [main] c.o.s.b.c.f.s.JwtAuthenticationTokenFilter - Filter 'jwtAuthenticationTokenFilter' configured for use
[INFO ] 17:19:03.083 [main] c.orderway.OrderWaySystemApplication - Started OrderWaySystemApplication in 9.506 seconds (JVM running for 10.076)
[WARN ] 17:19:03.140 [main] c.o.c.c.c.ConstantContextHolder - >>> 系统配置sys_config表中存在空项，configCode为：GUNS_DEMO_ENV_FLAG，系统采用默认值：false
[DEBUG] 17:19:03.143 [main] c.o.s.b.m.t.m.S.selectList - ==>  Preparing: SELECT id,timer_name,action_class,cron,job_status,remark,create_time,create_user,update_time,update_user FROM sys_timers WHERE (job_status LIKE ?)
[DEBUG] 17:19:03.256 [main] c.o.s.b.m.t.m.S.selectList - ==> Parameters: %1%(String)
[DEBUG] 17:19:03.271 [main] c.o.s.b.m.t.m.S.selectList - <==      Total: 1
[INFO ] 17:19:03.292 [main] c.o.s.b.c.l.ResourceCollectListener - >>> 缓存资源URL集合完成!资源数量：177
[INFO ] 17:19:03.293 [main] c.orderway.OrderWaySystemApplication - >>> OrderWaySystemApplication is success!
[INFO ] 17:19:06.482 [http-nio-82-exec-1] c.o.s.b.c.f.s.JwtAuthenticationTokenFilter - ===req url=>>>/handler/new/login
[WARN ] 17:19:06.486 [http-nio-82-exec-1] c.o.c.c.c.ConstantContextHolder - >>> 系统配置sys_config表中存在空项，configCode为：GUNS_UN_XSS_FILTER_URL，系统采用默认值：null
[DEBUG] 17:19:06.528 [http-nio-82-exec-1] c.o.c.w.GunsRequestResponseBodyMethodProcessor - Read "application/json;charset=UTF-8" to [{account=superAdmin, password=123456, c_type=1}]
[DEBUG] 17:19:06.546 [http-nio-82-exec-1] c.o.s.b.m.u.m.S.selectOne - ==>  Preparing: SELECT id,account,password,nick_name,name,avatar,birthday,sex,email,phone,tel,last_login_ip,last_login_time,admin_type,status,create_time,create_user,update_time,update_user FROM sys_user WHERE (account = ? AND status <> ?)
[DEBUG] 17:19:06.548 [http-nio-82-exec-1] c.o.s.b.m.u.m.S.selectOne - ==> Parameters: superAdmin(String), 2(Integer)
[DEBUG] 17:19:06.550 [http-nio-82-exec-1] c.o.s.b.m.u.m.S.selectOne - <==      Total: 1
[DEBUG] 17:19:06.612 [http-nio-82-exec-1] c.o.s.b.m.e.m.S.selectById - ==>  Preparing: SELECT id,job_num,org_id,org_name FROM sys_emp WHERE id=?
[DEBUG] 17:19:06.613 [http-nio-82-exec-1] c.o.s.b.m.e.m.S.selectById - ==> Parameters: 1265476890672672808(Long)
[DEBUG] 17:19:06.615 [http-nio-82-exec-1] c.o.s.b.m.e.m.S.selectById - <==      Total: 0
[DEBUG] 17:19:06.622 [http-nio-82-exec-1] c.o.s.b.m.r.m.S.selectMaps - ==>  Preparing: SELECT id,name,code,sort,data_scope_type,remark,status,app_code,create_time,create_user,update_time,update_user FROM sys_role
[DEBUG] 17:19:06.623 [http-nio-82-exec-1] c.o.s.b.m.r.m.S.selectMaps - ==> Parameters: 
[DEBUG] 17:19:06.629 [http-nio-82-exec-1] c.o.s.b.m.r.m.S.selectMaps - <==      Total: 33
[DEBUG] 17:19:06.639 [http-nio-82-exec-1] c.o.s.b.m.u.m.S.selectList - ==>  Preparing: SELECT id,user_id,role_id FROM sys_user_role WHERE (user_id = ?)
[DEBUG] 17:19:06.640 [http-nio-82-exec-1] c.o.s.b.m.u.m.S.selectList - ==> Parameters: 1265476890672672808(Long)
[DEBUG] 17:19:06.641 [http-nio-82-exec-1] c.o.s.b.m.u.m.S.selectList - <==      Total: 0
[DEBUG] 17:19:06.649 [http-nio-82-exec-1] c.o.s.b.m.a.m.S.getAllByRoleIds - ==>  Preparing: select * from sys_app where 1=1 and status = 0 and code in ( select DISTINCT app_code from sys_role where id in ( ? , ? , ? , ? , ? , ? , ? , ? , ? , ? , ? , ? , ? , ? , ? , ? , ? , ? , ? , ? , ? , ? , ? , ? , ? , ? , ? , ? , ? , ? , ? , ? , ? ) )
[DEBUG] 17:19:06.652 [http-nio-82-exec-1] c.o.s.b.m.a.m.S.getAllByRoleIds - ==> Parameters: 1572466849276665858(Long), 1572467157792890882(Long), 1265476890672672819(Long), 1574954493734809601(Long), 1596017381436551169(Long), 1265476890672672817(Long), 1595982746371485697(Long), 1604760387871879169(Long), 1584740830946414593(Long), 1614826961213837313(Long), 1265476890672672818(Long), 1620716034931605505(Long), 1622486284144144386(Long), 1572472967579230210(Long), 1579001040872587266(Long), 1579001927753973762(Long), 1572473028459552769(Long), 1572478187487027202(Long), 1572464607488331778(Long), 1572471114946764802(Long), 1572397244917579778(Long), 1572397194858561537(Long), 1583359711160270849(Long), 1574954346682511362(Long), 1583374001816698882(Long), 1570295189113466881(Long), 1566606767449800705(Long), 1587281013973635073(Long), 1595981905853935618(Long), 1595982017506308098(Long), 1595982206145130497(Long), 1595982567199207425(Long), 1572871104131112962(Long)
[DEBUG] 17:19:06.658 [http-nio-82-exec-1] c.o.s.b.m.a.m.S.getAllByRoleIds - <==      Total: 16
[DEBUG] 17:19:06.663 [http-nio-82-exec-1] c.o.s.b.m.u.m.S.selectById - ==>  Preparing: SELECT id,account,password,nick_name,name,avatar,birthday,sex,email,phone,tel,last_login_ip,last_login_time,admin_type,status,create_time,create_user,update_time,update_user FROM sys_user WHERE id=?
[DEBUG] 17:19:06.664 [http-nio-82-exec-1] c.o.s.b.m.u.m.S.selectById - ==> Parameters: 1265476890672672808(Long)
[DEBUG] 17:19:06.665 [http-nio-82-exec-1] c.o.s.b.m.u.m.S.selectById - <==      Total: 1
[DEBUG] 17:19:06.673 [http-nio-82-exec-1] c.o.s.b.m.m.m.S.selectList - ==>  Preparing: SELECT id,pid,pids,name,code,type,icon,router,component,permission,application,open_type,visible,link,redirect,weight,sort,remark,status,create_time,create_user,update_time,update_user FROM sys_menu WHERE (status = ? AND application = ? AND type NOT IN (?) AND weight NOT IN (?)) ORDER BY sort ASC
[DEBUG] 17:19:06.676 [http-nio-82-exec-1] c.o.s.b.m.m.m.S.selectList - ==> Parameters: 0(Integer), system(String), 2(Integer), 2(Integer)
[DEBUG] 17:19:06.683 [http-nio-82-exec-1] c.o.s.b.m.m.m.S.selectList - <==      Total: 32
[WARN ] 17:19:06.686 [http-nio-82-exec-1] c.o.c.c.c.ConstantContextHolder - >>> 系统配置sys_config表中存在空项，configCode为：GUNS_TENANT_OPEN，系统采用默认值：false
[WARN ] 17:19:06.687 [http-nio-82-exec-1] c.o.c.c.c.ConstantContextHolder - >>> 系统配置sys_config表中存在空项，configCode为：pc_token_expire，系统采用默认值：3600
[DEBUG] 17:19:06.745 [http-nio-82-exec-1] c.o.s.b.m.u.m.S.updateById - ==>  Preparing: UPDATE sys_user SET account=?, password=?, nick_name=?, name=?, birthday=?, sex=?, email=?, phone=?, tel=?, last_login_ip=?, last_login_time=?, admin_type=?, status=?, create_time=?, create_user=?, update_time=?, update_user=? WHERE id=?
[DEBUG] 17:19:06.750 [http-nio-82-exec-1] c.o.s.b.m.u.m.S.updateById - ==> Parameters: superAdmin(String), $2a$09$PiCiFNspSlTBE9CakVs8ZOqx0xa03X9wOm01gMasHch4929TpEWCC(String), 超级管理员(String), 超级管理员(String), 2020-03-18 00:00:00.0(Timestamp), 1(Integer), superAdmin@qq.com(String), 15228937093(String), 12345678(String), 192.168.10.67(String), 2023-03-30 17:19:06.735(Timestamp), 1(Integer), 0(Integer), 2020-05-29 16:39:28.0(Timestamp), -1(Long), 2023-03-30 17:19:06.743(Timestamp), -1(Long), 1265476890672672808(Long)
[DEBUG] 17:19:06.760 [http-nio-82-exec-1] c.o.s.b.m.u.m.S.updateById - <==    Updates: 1
[WARN ] 17:19:06.773 [http-nio-82-exec-1] c.o.c.c.c.ConstantContextHolder - >>> 系统配置sys_config表中存在空项，configCode为：GUNS_ENABLE_SINGLE_LOGIN，系统采用默认值：false
[DEBUG] 17:19:06.791 [ScheduledExecutorFactoryBean-1] c.o.s.b.m.l.m.SysVisLogMapper.insert - ==>  Preparing: INSERT INTO sys_vis_log ( id, name, success, message, ip, location, browser, os, vis_type, vis_time, account ) VALUES ( ?, ?, ?, ?, ?, ?, ?, ?, ?, ?, ? )
[DEBUG] 17:19:06.796 [ScheduledExecutorFactoryBean-1] c.o.s.b.m.l.m.SysVisLogMapper.insert - ==> Parameters: 1641369450349944833(Long), 登录(String), Y(String), 登录成功(String), 192.168.10.67(String), -(String), Chrome(String), Windows 10 or Windows Server 2016(String), 1(Integer), 2023-03-30 17:19:06.784(Timestamp), superAdmin(String)
[DEBUG] 17:19:06.798 [ScheduledExecutorFactoryBean-1] c.o.s.b.m.l.m.SysVisLogMapper.insert - <==    Updates: 1
[INFO ] 17:19:06.834 [http-nio-82-exec-2] c.o.s.b.c.f.s.JwtAuthenticationTokenFilter - ===req url=>>>/webjars/bycdao-ui/ace-editor/worker-json.js
[WARN ] 17:19:06.834 [http-nio-82-exec-2] c.o.c.c.c.ConstantContextHolder - >>> 系统配置sys_config表中存在空项，configCode为：GUNS_UN_XSS_FILTER_URL，系统采用默认值：null
[INFO ] 17:19:11.987 [http-nio-82-exec-4] c.o.s.b.c.f.s.JwtAuthenticationTokenFilter - ===req url=>>>/webjars/bycdao-ui/ace-editor/worker-json.js
[WARN ] 17:19:11.988 [http-nio-82-exec-4] c.o.c.c.c.ConstantContextHolder - >>> 系统配置sys_config表中存在空项，configCode为：GUNS_UN_XSS_FILTER_URL，系统采用默认值：null
[INFO ] 17:19:15.311 [http-nio-82-exec-5] c.o.s.b.c.f.s.JwtAuthenticationTokenFilter - ===req url=>>>/sysApp/selectAll
[INFO ] 17:19:15.367 [http-nio-82-exec-6] c.o.s.b.c.f.s.JwtAuthenticationTokenFilter - ===req url=>>>/webjars/bycdao-ui/ace-editor/worker-json.js
[WARN ] 17:19:15.368 [http-nio-82-exec-6] c.o.c.c.c.ConstantContextHolder - >>> 系统配置sys_config表中存在空项，configCode为：GUNS_UN_XSS_FILTER_URL，系统采用默认值：null
[INFO ] 17:19:21.824 [http-nio-82-exec-8] c.o.s.b.c.f.s.JwtAuthenticationTokenFilter - ===req url=>>>/sysApp/selectAll
[WARN ] 17:19:21.863 [http-nio-82-exec-8] c.o.c.c.c.ConstantContextHolder - >>> 系统配置sys_config表中存在空项，configCode为：GUNS_UN_XSS_FILTER_URL，系统采用默认值：null
[DEBUG] 17:19:21.939 [http-nio-82-exec-8] c.o.s.b.m.a.m.S.selectMaps - ==>  Preparing: SELECT app_id,name FROM sys_app WHERE (status = ?)
[DEBUG] 17:19:21.940 [http-nio-82-exec-8] c.o.s.b.m.a.m.S.selectMaps - ==> Parameters: ENABLE(String)
[ERROR] 17:19:22.081 [http-nio-82-exec-8] c.o.s.b.c.e.GlobalExceptionHandler - >>> 服务器运行异常，请求号为：de451b37-289a-4d7a-b4e8-0cb2f4b58b8d
[INFO ] 17:19:22.112 [http-nio-82-exec-10] c.o.s.b.c.f.s.JwtAuthenticationTokenFilter - ===req url=>>>/webjars/bycdao-ui/ace-editor/worker-json.js
[WARN ] 17:19:22.112 [http-nio-82-exec-10] c.o.c.c.c.ConstantContextHolder - >>> 系统配置sys_config表中存在空项，configCode为：GUNS_UN_XSS_FILTER_URL，系统采用默认值：null
[DEBUG] 17:20:00.015 [hutool-cron-1] c.o.s.b.m.c.m.S.selectList - ==>  Preparing: SELECT code,value FROM sys_config WHERE (status = ?)
[DEBUG] 17:20:00.017 [hutool-cron-1] c.o.s.b.m.c.m.S.selectList - ==> Parameters: 0(Integer)
[DEBUG] 17:20:00.019 [hutool-cron-1] c.o.s.b.m.c.m.S.selectList - <==      Total: 31
[INFO ] 17:22:01.002 [main] c.orderway.OrderWaySystemApplication - Starting OrderWaySystemApplication using Java 1.8.0_261 on DESKTOP-9K8F50F with PID 32696 (D:\project\new\orderway-base-parent\orderway-base-parent\orderway-system\target\classes started by Dell in D:\project\new\orderway-base-parent\orderway-base-parent)
[DEBUG] 17:22:01.002 [main] c.orderway.OrderWaySystemApplication - Running with Spring Boot v2.4.2, Spring v5.3.3
[INFO ] 17:22:01.002 [main] c.orderway.OrderWaySystemApplication - The following profiles are active: local
[WARN ] 17:22:03.087 [main] c.o.c.c.c.ConstantContextHolder - >>> 系统配置sys_config表中存在空项，configCode为：GUNS_DRUID_USERNAME，系统采用默认值：h51kdkoort
[WARN ] 17:22:03.087 [main] c.o.c.c.c.ConstantContextHolder - >>> 系统配置sys_config表中存在空项，configCode为：GUNS_DRUID_PASSWORD，系统采用默认值：v5af23r84b
[WARN ] 17:22:04.453 [main] c.o.c.c.c.ConstantContextHolder - >>> 系统配置sys_config表中存在空项，configCode为：GUNS_FILE_UPLOAD_PATH_FOR_WINDOWS，系统采用默认值：
[WARN ] 17:22:04.453 [main] c.o.c.c.c.ConstantContextHolder - >>> 系统配置sys_config表中存在空项，configCode为：GUNS_FILE_UPLOAD_PATH_FOR_LINUX，系统采用默认值：
[DEBUG] 17:22:04.942 [main] c.o.s.b.c.f.s.JwtAuthenticationTokenFilter - Filter 'jwtAuthenticationTokenFilter' configured for use
[INFO ] 17:22:10.133 [main] c.orderway.OrderWaySystemApplication - Started OrderWaySystemApplication in 9.767 seconds (JVM running for 10.411)
[WARN ] 17:22:10.192 [main] c.o.c.c.c.ConstantContextHolder - >>> 系统配置sys_config表中存在空项，configCode为：GUNS_DEMO_ENV_FLAG，系统采用默认值：false
[DEBUG] 17:22:10.196 [main] c.o.s.b.m.t.m.S.selectList - ==>  Preparing: SELECT id,timer_name,action_class,cron,job_status,remark,create_time,create_user,update_time,update_user FROM sys_timers WHERE (job_status LIKE ?)
[DEBUG] 17:22:10.336 [main] c.o.s.b.m.t.m.S.selectList - ==> Parameters: %1%(String)
[DEBUG] 17:22:10.353 [main] c.o.s.b.m.t.m.S.selectList - <==      Total: 1
[INFO ] 17:22:10.379 [main] c.o.s.b.c.l.ResourceCollectListener - >>> 缓存资源URL集合完成!资源数量：177
[INFO ] 17:22:10.380 [main] c.orderway.OrderWaySystemApplication - >>> OrderWaySystemApplication is success!
[INFO ] 17:22:16.401 [http-nio-82-exec-1] c.o.s.b.c.f.s.JwtAuthenticationTokenFilter - ===req url=>>>/sysApp/selectAll
[WARN ] 17:22:16.446 [http-nio-82-exec-1] c.o.c.c.c.ConstantContextHolder - >>> 系统配置sys_config表中存在空项，configCode为：pc_token_expire，系统采用默认值：3600
[WARN ] 17:22:16.471 [http-nio-82-exec-1] c.o.c.c.c.ConstantContextHolder - >>> 系统配置sys_config表中存在空项，configCode为：GUNS_UN_XSS_FILTER_URL，系统采用默认值：null
[DEBUG] 17:22:16.500 [http-nio-82-exec-1] c.o.s.b.m.a.m.S.selectMaps - ==>  Preparing: SELECT app_id,name FROM sys_app WHERE (status = ?)
[DEBUG] 17:22:16.502 [http-nio-82-exec-1] c.o.s.b.m.a.m.S.selectMaps - ==> Parameters: 0(Integer)
[DEBUG] 17:22:16.505 [http-nio-82-exec-1] c.o.s.b.m.a.m.S.selectMaps - <==      Total: 32
[INFO ] 17:22:16.658 [http-nio-82-exec-7] c.o.s.b.c.f.s.JwtAuthenticationTokenFilter - ===req url=>>>/webjars/bycdao-ui/ace-editor/worker-json.js
[WARN ] 17:22:16.660 [http-nio-82-exec-7] c.o.c.c.c.ConstantContextHolder - >>> 系统配置sys_config表中存在空项，configCode为：GUNS_UN_XSS_FILTER_URL，系统采用默认值：null
[INFO ] 17:24:10.946 [http-nio-82-exec-4] c.o.s.b.c.f.s.JwtAuthenticationTokenFilter - ===req url=>>>/doc.html
[WARN ] 17:24:10.947 [http-nio-82-exec-4] c.o.c.c.c.ConstantContextHolder - >>> 系统配置sys_config表中存在空项，configCode为：GUNS_UN_XSS_FILTER_URL，系统采用默认值：null
[INFO ] 17:24:10.990 [http-nio-82-exec-6] c.o.s.b.c.f.s.JwtAuthenticationTokenFilter - ===req url=>>>/webjars/bycdao-ui/jquery/jquery-1.12.4.min.js
[INFO ] 17:24:10.990 [http-nio-82-exec-5] c.o.s.b.c.f.s.JwtAuthenticationTokenFilter - ===req url=>>>/webjars/bycdao-ui/ext/i18n.js
[WARN ] 17:24:10.990 [http-nio-82-exec-6] c.o.c.c.c.ConstantContextHolder - >>> 系统配置sys_config表中存在空项，configCode为：GUNS_UN_XSS_FILTER_URL，系统采用默认值：null
[WARN ] 17:24:10.990 [http-nio-82-exec-5] c.o.c.c.c.ConstantContextHolder - >>> 系统配置sys_config表中存在空项，configCode为：GUNS_UN_XSS_FILTER_URL，系统采用默认值：null
[INFO ] 17:24:11.011 [http-nio-82-exec-2] c.o.s.b.c.f.s.JwtAuthenticationTokenFilter - ===req url=>>>/webjars/bycdao-ui/bootstrap/css/bootstrap.min.css
[INFO ] 17:24:11.011 [http-nio-82-exec-8] c.o.s.b.c.f.s.JwtAuthenticationTokenFilter - ===req url=>>>/webjars/bycdao-ui/layer3.0.3/skin/default/layer.css
[WARN ] 17:24:11.012 [http-nio-82-exec-2] c.o.c.c.c.ConstantContextHolder - >>> 系统配置sys_config表中存在空项，configCode为：GUNS_UN_XSS_FILTER_URL，系统采用默认值：null
[WARN ] 17:24:11.012 [http-nio-82-exec-8] c.o.c.c.c.ConstantContextHolder - >>> 系统配置sys_config表中存在空项，configCode为：GUNS_UN_XSS_FILTER_URL，系统采用默认值：null
[INFO ] 17:24:11.013 [http-nio-82-exec-10] c.o.s.b.c.f.s.JwtAuthenticationTokenFilter - ===req url=>>>/webjars/bycdao-ui/highlight/styles/style.css
[INFO ] 17:24:11.014 [http-nio-82-exec-9] c.o.s.b.c.f.s.JwtAuthenticationTokenFilter - ===req url=>>>/webjars/bycdao-ui/highlight/styles/docco.css
[WARN ] 17:24:11.015 [http-nio-82-exec-9] c.o.c.c.c.ConstantContextHolder - >>> 系统配置sys_config表中存在空项，configCode为：GUNS_UN_XSS_FILTER_URL，系统采用默认值：null
[WARN ] 17:24:11.015 [http-nio-82-exec-10] c.o.c.c.c.ConstantContextHolder - >>> 系统配置sys_config表中存在空项，configCode为：GUNS_UN_XSS_FILTER_URL，系统采用默认值：null
[INFO ] 17:24:11.030 [http-nio-82-exec-1] c.o.s.b.c.f.s.JwtAuthenticationTokenFilter - ===req url=>>>/webjars/bycdao-ui/highlight/styles/default.css
[WARN ] 17:24:11.031 [http-nio-82-exec-1] c.o.c.c.c.ConstantContextHolder - >>> 系统配置sys_config表中存在空项，configCode为：GUNS_UN_XSS_FILTER_URL，系统采用默认值：null
[INFO ] 17:24:11.035 [http-nio-82-exec-7] c.o.s.b.c.f.s.JwtAuthenticationTokenFilter - ===req url=>>>/webjars/bycdao-ui/cdao/swaggerbootstrapui.css
[WARN ] 17:24:11.035 [http-nio-82-exec-7] c.o.c.c.c.ConstantContextHolder - >>> 系统配置sys_config表中存在空项，configCode为：GUNS_UN_XSS_FILTER_URL，系统采用默认值：null
[INFO ] 17:24:11.037 [http-nio-82-exec-3] c.o.s.b.c.f.s.JwtAuthenticationTokenFilter - ===req url=>>>/webjars/bycdao-ui/layui/css/layui.css
[INFO ] 17:24:11.037 [http-nio-82-exec-6] c.o.s.b.c.f.s.JwtAuthenticationTokenFilter - ===req url=>>>/webjars/bycdao-ui/iconfont/iconfont.css
[WARN ] 17:24:11.038 [http-nio-82-exec-3] c.o.c.c.c.ConstantContextHolder - >>> 系统配置sys_config表中存在空项，configCode为：GUNS_UN_XSS_FILTER_URL，系统采用默认值：null
[WARN ] 17:24:11.038 [http-nio-82-exec-6] c.o.c.c.c.ConstantContextHolder - >>> 系统配置sys_config表中存在空项，configCode为：GUNS_UN_XSS_FILTER_URL，系统采用默认值：null
[INFO ] 17:24:11.038 [http-nio-82-exec-4] c.o.s.b.c.f.s.JwtAuthenticationTokenFilter - ===req url=>>>/webjars/bycdao-ui/ext/sbuadmin.css
[WARN ] 17:24:11.038 [http-nio-82-exec-4] c.o.c.c.c.ConstantContextHolder - >>> 系统配置sys_config表中存在空项，configCode为：GUNS_UN_XSS_FILTER_URL，系统采用默认值：null
[INFO ] 17:24:11.039 [http-nio-82-exec-5] c.o.s.b.c.f.s.JwtAuthenticationTokenFilter - ===req url=>>>/webjars/bycdao-ui/bootstrap-tabx/css/bootstrap-tabs-x.min.css
[WARN ] 17:24:11.040 [http-nio-82-exec-5] c.o.c.c.c.ConstantContextHolder - >>> 系统配置sys_config表中存在空项，configCode为：GUNS_UN_XSS_FILTER_URL，系统采用默认值：null
[INFO ] 17:24:11.042 [http-nio-82-exec-8] c.o.s.b.c.f.s.JwtAuthenticationTokenFilter - ===req url=>>>/webjars/bycdao-ui/ext/editormd.min.css
[WARN ] 17:24:11.043 [http-nio-82-exec-8] c.o.c.c.c.ConstantContextHolder - >>> 系统配置sys_config表中存在空项，configCode为：GUNS_UN_XSS_FILTER_URL，系统采用默认值：null
[INFO ] 17:24:11.053 [http-nio-82-exec-9] c.o.s.b.c.f.s.JwtAuthenticationTokenFilter - ===req url=>>>/webjars/bycdao-ui/cdao/swaggerbootstrapui-md.css
[INFO ] 17:24:11.053 [http-nio-82-exec-10] c.o.s.b.c.f.s.JwtAuthenticationTokenFilter - ===req url=>>>/webjars/bycdao-ui/ace/bootstrap.min.js
[INFO ] 17:24:11.053 [http-nio-82-exec-2] c.o.s.b.c.f.s.JwtAuthenticationTokenFilter - ===req url=>>>/webjars/bycdao-ui/ace/ace.min.js
[INFO ] 17:24:11.055 [http-nio-82-exec-1] c.o.s.b.c.f.s.JwtAuthenticationTokenFilter - ===req url=>>>/webjars/bycdao-ui/jquery/clipboard/clipboard.min.js
[WARN ] 17:24:11.063 [http-nio-82-exec-9] c.o.c.c.c.ConstantContextHolder - >>> 系统配置sys_config表中存在空项，configCode为：GUNS_UN_XSS_FILTER_URL，系统采用默认值：null
[WARN ] 17:24:11.063 [http-nio-82-exec-10] c.o.c.c.c.ConstantContextHolder - >>> 系统配置sys_config表中存在空项，configCode为：GUNS_UN_XSS_FILTER_URL，系统采用默认值：null
[WARN ] 17:24:11.063 [http-nio-82-exec-1] c.o.c.c.c.ConstantContextHolder - >>> 系统配置sys_config表中存在空项，configCode为：GUNS_UN_XSS_FILTER_URL，系统采用默认值：null
[WARN ] 17:24:11.063 [http-nio-82-exec-2] c.o.c.c.c.ConstantContextHolder - >>> 系统配置sys_config表中存在空项，configCode为：GUNS_UN_XSS_FILTER_URL，系统采用默认值：null
[INFO ] 17:24:11.096 [http-nio-82-exec-7] c.o.s.b.c.f.s.JwtAuthenticationTokenFilter - ===req url=>>>/webjars/bycdao-ui/layer3.0.3/layer.js
[WARN ] 17:24:11.097 [http-nio-82-exec-7] c.o.c.c.c.ConstantContextHolder - >>> 系统配置sys_config表中存在空项，configCode为：GUNS_UN_XSS_FILTER_URL，系统采用默认值：null
[INFO ] 17:24:11.113 [http-nio-82-exec-4] c.o.s.b.c.f.s.JwtAuthenticationTokenFilter - ===req url=>>>/webjars/bycdao-ui/highlight/highlight.pack.js
[WARN ] 17:24:11.114 [http-nio-82-exec-4] c.o.c.c.c.ConstantContextHolder - >>> 系统配置sys_config表中存在空项，configCode为：GUNS_UN_XSS_FILTER_URL，系统采用默认值：null
[INFO ] 17:24:11.116 [http-nio-82-exec-6] c.o.s.b.c.f.s.JwtAuthenticationTokenFilter - ===req url=>>>/webjars/bycdao-ui/jquery/marked.js
[WARN ] 17:24:11.116 [http-nio-82-exec-6] c.o.c.c.c.ConstantContextHolder - >>> 系统配置sys_config表中存在空项，configCode为：GUNS_UN_XSS_FILTER_URL，系统采用默认值：null
[INFO ] 17:24:11.116 [http-nio-82-exec-3] c.o.s.b.c.f.s.JwtAuthenticationTokenFilter - ===req url=>>>/webjars/bycdao-ui/jquery/template-web.js
[WARN ] 17:24:11.116 [http-nio-82-exec-3] c.o.c.c.c.ConstantContextHolder - >>> 系统配置sys_config表中存在空项，configCode为：GUNS_UN_XSS_FILTER_URL，系统采用默认值：null
[INFO ] 17:24:11.117 [http-nio-82-exec-5] c.o.s.b.c.f.s.JwtAuthenticationTokenFilter - ===req url=>>>/webjars/bycdao-ui/jquery/axios.min.js
[WARN ] 17:24:11.117 [http-nio-82-exec-5] c.o.c.c.c.ConstantContextHolder - >>> 系统配置sys_config表中存在空项，configCode为：GUNS_UN_XSS_FILTER_URL，系统采用默认值：null
[INFO ] 17:24:11.117 [http-nio-82-exec-9] c.o.s.b.c.f.s.JwtAuthenticationTokenFilter - ===req url=>>>/webjars/bycdao-ui/bootstrap-tabx/js/bootstrap-tabs-x.min.js
[WARN ] 17:24:11.118 [http-nio-82-exec-9] c.o.c.c.c.ConstantContextHolder - >>> 系统配置sys_config表中存在空项，configCode为：GUNS_UN_XSS_FILTER_URL，系统采用默认值：null
[INFO ] 17:24:11.118 [http-nio-82-exec-1] c.o.s.b.c.f.s.JwtAuthenticationTokenFilter - ===req url=>>>/webjars/bycdao-ui/layui/layui.js
[WARN ] 17:24:11.118 [http-nio-82-exec-1] c.o.c.c.c.ConstantContextHolder - >>> 系统配置sys_config表中存在空项，configCode为：GUNS_UN_XSS_FILTER_URL，系统采用默认值：null
[INFO ] 17:24:11.135 [http-nio-82-exec-2] c.o.s.b.c.f.s.JwtAuthenticationTokenFilter - ===req url=>>>/webjars/bycdao-ui/layer3.0.3/skin/default/layer.css
[WARN ] 17:24:11.135 [http-nio-82-exec-2] c.o.c.c.c.ConstantContextHolder - >>> 系统配置sys_config表中存在空项，configCode为：GUNS_UN_XSS_FILTER_URL，系统采用默认值：null
[INFO ] 17:24:11.137 [http-nio-82-exec-8] c.o.s.b.c.f.s.JwtAuthenticationTokenFilter - ===req url=>>>/webjars/bycdao-ui/ace-editor/ace.js
[WARN ] 17:24:11.137 [http-nio-82-exec-8] c.o.c.c.c.ConstantContextHolder - >>> 系统配置sys_config表中存在空项，configCode为：GUNS_UN_XSS_FILTER_URL，系统采用默认值：null
[INFO ] 17:24:11.137 [http-nio-82-exec-10] c.o.s.b.c.f.s.JwtAuthenticationTokenFilter - ===req url=>>>/webjars/bycdao-ui/jquery/showdown.min.js
[WARN ] 17:24:11.137 [http-nio-82-exec-10] c.o.c.c.c.ConstantContextHolder - >>> 系统配置sys_config表中存在空项，configCode为：GUNS_UN_XSS_FILTER_URL，系统采用默认值：null
[INFO ] 17:24:11.140 [http-nio-82-exec-7] c.o.s.b.c.f.s.JwtAuthenticationTokenFilter - ===req url=>>>/webjars/bycdao-ui/jquery/json5.js
[WARN ] 17:24:11.140 [http-nio-82-exec-7] c.o.c.c.c.ConstantContextHolder - >>> 系统配置sys_config表中存在空项，configCode为：GUNS_UN_XSS_FILTER_URL，系统采用默认值：null
[INFO ] 17:24:11.144 [http-nio-82-exec-1] c.o.s.b.c.f.s.JwtAuthenticationTokenFilter - ===req url=>>>/webjars/bycdao-ui/jquery/md5.min.js
[INFO ] 17:24:11.144 [http-nio-82-exec-4] c.o.s.b.c.f.s.JwtAuthenticationTokenFilter - ===req url=>>>/webjars/bycdao-ui/jquery/async.min.js
[WARN ] 17:24:11.145 [http-nio-82-exec-4] c.o.c.c.c.ConstantContextHolder - >>> 系统配置sys_config表中存在空项，configCode为：GUNS_UN_XSS_FILTER_URL，系统采用默认值：null
[WARN ] 17:24:11.145 [http-nio-82-exec-1] c.o.c.c.c.ConstantContextHolder - >>> 系统配置sys_config表中存在空项，configCode为：GUNS_UN_XSS_FILTER_URL，系统采用默认值：null
[INFO ] 17:24:11.146 [http-nio-82-exec-6] c.o.s.b.c.f.s.JwtAuthenticationTokenFilter - ===req url=>>>/webjars/bycdao-ui/cdao/swaggerbootstrapui.js
[WARN ] 17:24:11.146 [http-nio-82-exec-6] c.o.c.c.c.ConstantContextHolder - >>> 系统配置sys_config表中存在空项，configCode为：GUNS_UN_XSS_FILTER_URL，系统采用默认值：null
[INFO ] 17:24:11.249 [http-nio-82-exec-5] c.o.s.b.c.f.s.JwtAuthenticationTokenFilter - ===req url=>>>/webjars/bycdao-ui/ext/sbuadmin.js
[WARN ] 17:24:11.250 [http-nio-82-exec-5] c.o.c.c.c.ConstantContextHolder - >>> 系统配置sys_config表中存在空项，configCode为：GUNS_UN_XSS_FILTER_URL，系统采用默认值：null
[INFO ] 17:24:11.264 [http-nio-82-exec-9] c.o.s.b.c.f.s.JwtAuthenticationTokenFilter - ===req url=>>>/webjars/bycdao-ui/layui/lay/modules/layer.js
[WARN ] 17:24:11.265 [http-nio-82-exec-9] c.o.c.c.c.ConstantContextHolder - >>> 系统配置sys_config表中存在空项，configCode为：GUNS_UN_XSS_FILTER_URL，系统采用默认值：null
[INFO ] 17:24:11.282 [http-nio-82-exec-2] c.o.s.b.c.f.s.JwtAuthenticationTokenFilter - ===req url=>>>/webjars/bycdao-ui/layui/lay/modules/element.js
[INFO ] 17:24:11.282 [http-nio-82-exec-3] c.o.s.b.c.f.s.JwtAuthenticationTokenFilter - ===req url=>>>/webjars/bycdao-ui/layui/css/modules/layer/default/layer.css
[WARN ] 17:24:11.282 [http-nio-82-exec-2] c.o.c.c.c.ConstantContextHolder - >>> 系统配置sys_config表中存在空项，configCode为：GUNS_UN_XSS_FILTER_URL，系统采用默认值：null
[WARN ] 17:24:11.282 [http-nio-82-exec-3] c.o.c.c.c.ConstantContextHolder - >>> 系统配置sys_config表中存在空项，configCode为：GUNS_UN_XSS_FILTER_URL，系统采用默认值：null
[INFO ] 17:24:11.307 [http-nio-82-exec-7] c.o.s.b.c.f.s.JwtAuthenticationTokenFilter - ===req url=>>>/webjars/bycdao-ui/ext/treetable.js
[WARN ] 17:24:11.308 [http-nio-82-exec-7] c.o.c.c.c.ConstantContextHolder - >>> 系统配置sys_config表中存在空项，configCode为：GUNS_UN_XSS_FILTER_URL，系统采用默认值：null
[INFO ] 17:24:11.326 [http-nio-82-exec-10] c.o.s.b.c.f.s.JwtAuthenticationTokenFilter - ===req url=>>>/webjars/bycdao-ui/layui/lay/modules/table.js
[WARN ] 17:24:11.326 [http-nio-82-exec-10] c.o.c.c.c.ConstantContextHolder - >>> 系统配置sys_config表中存在空项，configCode为：GUNS_UN_XSS_FILTER_URL，系统采用默认值：null
[INFO ] 17:24:11.347 [http-nio-82-exec-1] c.o.s.b.c.f.s.JwtAuthenticationTokenFilter - ===req url=>>>/webjars/bycdao-ui/layui/lay/modules/laytpl.js
[WARN ] 17:24:11.348 [http-nio-82-exec-1] c.o.c.c.c.ConstantContextHolder - >>> 系统配置sys_config表中存在空项，configCode为：GUNS_UN_XSS_FILTER_URL，系统采用默认值：null
[INFO ] 17:24:11.372 [http-nio-82-exec-4] c.o.s.b.c.f.s.JwtAuthenticationTokenFilter - ===req url=>>>/webjars/bycdao-ui/layui/lay/modules/laypage.js
[WARN ] 17:24:11.372 [http-nio-82-exec-4] c.o.c.c.c.ConstantContextHolder - >>> 系统配置sys_config表中存在空项，configCode为：GUNS_UN_XSS_FILTER_URL，系统采用默认值：null
[INFO ] 17:24:11.393 [http-nio-82-exec-6] c.o.s.b.c.f.s.JwtAuthenticationTokenFilter - ===req url=>>>/webjars/bycdao-ui/layui/lay/modules/form.js
[WARN ] 17:24:11.395 [http-nio-82-exec-6] c.o.c.c.c.ConstantContextHolder - >>> 系统配置sys_config表中存在空项，configCode为：GUNS_UN_XSS_FILTER_URL，系统采用默认值：null
[INFO ] 17:24:11.424 [http-nio-82-exec-8] c.o.s.b.c.f.s.JwtAuthenticationTokenFilter - ===req url=>>>/webjars/bycdao-ui/layui/lay/modules/util.js
[WARN ] 17:24:11.425 [http-nio-82-exec-8] c.o.c.c.c.ConstantContextHolder - >>> 系统配置sys_config表中存在空项，configCode为：GUNS_UN_XSS_FILTER_URL，系统采用默认值：null
[INFO ] 17:24:11.442 [http-nio-82-exec-5] c.o.s.b.c.f.s.JwtAuthenticationTokenFilter - ===req url=>>>/webjars/bycdao-ui/ext/treetable-lay/treetable.css
[WARN ] 17:24:11.443 [http-nio-82-exec-5] c.o.c.c.c.ConstantContextHolder - >>> 系统配置sys_config表中存在空项，configCode为：GUNS_UN_XSS_FILTER_URL，系统采用默认值：null
[INFO ] 17:24:11.634 [http-nio-82-exec-2] c.o.s.b.c.f.s.JwtAuthenticationTokenFilter - ===req url=>>>/swagger-resources/configuration/ui
[INFO ] 17:24:11.634 [http-nio-82-exec-9] c.o.s.b.c.f.s.JwtAuthenticationTokenFilter - ===req url=>>>/swagger-resources
[WARN ] 17:24:11.635 [http-nio-82-exec-2] c.o.c.c.c.ConstantContextHolder - >>> 系统配置sys_config表中存在空项，configCode为：GUNS_UN_XSS_FILTER_URL，系统采用默认值：null
[WARN ] 17:24:11.635 [http-nio-82-exec-9] c.o.c.c.c.ConstantContextHolder - >>> 系统配置sys_config表中存在空项，configCode为：GUNS_UN_XSS_FILTER_URL，系统采用默认值：null
[INFO ] 17:24:11.636 [http-nio-82-exec-3] c.o.s.b.c.f.s.JwtAuthenticationTokenFilter - ===req url=>>>/webjars/bycdao-ui/images/api.ico
[WARN ] 17:24:11.636 [http-nio-82-exec-3] c.o.c.c.c.ConstantContextHolder - >>> 系统配置sys_config表中存在空项，configCode为：GUNS_UN_XSS_FILTER_URL，系统采用默认值：null
[INFO ] 17:24:11.674 [http-nio-82-exec-7] c.o.s.b.c.f.s.JwtAuthenticationTokenFilter - ===req url=>>>/v2/api-docs
[WARN ] 17:24:11.674 [http-nio-82-exec-7] c.o.c.c.c.ConstantContextHolder - >>> 系统配置sys_config表中存在空项，configCode为：GUNS_UN_XSS_FILTER_URL，系统采用默认值：null
[INFO ] 17:24:18.385 [http-nio-82-exec-10] c.o.s.b.c.f.s.JwtAuthenticationTokenFilter - ===req url=>>>/webjars/bycdao-ui/ace-editor/theme-eclipse.js
[INFO ] 17:24:18.385 [http-nio-82-exec-1] c.o.s.b.c.f.s.JwtAuthenticationTokenFilter - ===req url=>>>/webjars/bycdao-ui/ace-editor/mode-json.js
[WARN ] 17:24:18.386 [http-nio-82-exec-1] c.o.c.c.c.ConstantContextHolder - >>> 系统配置sys_config表中存在空项，configCode为：GUNS_UN_XSS_FILTER_URL，系统采用默认值：null
[WARN ] 17:24:18.387 [http-nio-82-exec-10] c.o.c.c.c.ConstantContextHolder - >>> 系统配置sys_config表中存在空项，configCode为：GUNS_UN_XSS_FILTER_URL，系统采用默认值：null
[INFO ] 17:24:18.444 [http-nio-82-exec-4] c.o.s.b.c.f.s.JwtAuthenticationTokenFilter - ===req url=>>>/webjars/bycdao-ui/layui/font/iconfont.woff
[WARN ] 17:24:18.444 [http-nio-82-exec-4] c.o.c.c.c.ConstantContextHolder - >>> 系统配置sys_config表中存在空项，configCode为：GUNS_UN_XSS_FILTER_URL，系统采用默认值：null
[INFO ] 17:24:18.457 [http-nio-82-exec-6] c.o.s.b.c.f.s.JwtAuthenticationTokenFilter - ===req url=>>>/webjars/bycdao-ui/ace-editor/worker-json.js
[WARN ] 17:24:18.458 [http-nio-82-exec-6] c.o.c.c.c.ConstantContextHolder - >>> 系统配置sys_config表中存在空项，configCode为：GUNS_UN_XSS_FILTER_URL，系统采用默认值：null
[DEBUG] 17:25:00.017 [hutool-cron-1] c.o.s.b.m.c.m.S.selectList - ==>  Preparing: SELECT code,value FROM sys_config WHERE (status = ?)
[DEBUG] 17:25:00.018 [hutool-cron-1] c.o.s.b.m.c.m.S.selectList - ==> Parameters: 0(Integer)
[DEBUG] 17:25:00.022 [hutool-cron-1] c.o.s.b.m.c.m.S.selectList - <==      Total: 31
[INFO ] 17:27:02.917 [http-nio-82-exec-1] c.o.s.b.c.f.s.JwtAuthenticationTokenFilter - ===req url=>>>/sysApp/selectAll
[INFO ] 17:27:02.917 [http-nio-82-exec-10] c.o.s.b.c.f.s.JwtAuthenticationTokenFilter - ===req url=>>>/webjars/bycdao-ui/layer3.0.3/skin/default/loading-1.gif
[INFO ] 17:27:03.011 [http-nio-82-exec-4] c.o.s.b.c.f.s.JwtAuthenticationTokenFilter - ===req url=>>>/webjars/bycdao-ui/ace-editor/worker-json.js
[INFO ] 17:27:17.961 [http-nio-82-exec-6] c.o.s.b.c.f.s.JwtAuthenticationTokenFilter - ===req url=>>>/sysApp/selectAll
[INFO ] 17:27:18.006 [http-nio-82-exec-5] c.o.s.b.c.f.s.JwtAuthenticationTokenFilter - ===req url=>>>/webjars/bycdao-ui/ace-editor/worker-json.js
[INFO ] 17:27:30.606 [http-nio-82-exec-2] c.o.s.b.c.f.s.JwtAuthenticationTokenFilter - ===req url=>>>/sysApp/selectAll
[INFO ] 17:27:30.658 [http-nio-82-exec-9] c.o.s.b.c.f.s.JwtAuthenticationTokenFilter - ===req url=>>>/webjars/bycdao-ui/ace-editor/worker-json.js
[INFO ] 17:28:04.547 [http-nio-82-exec-3] c.o.s.b.c.f.s.JwtAuthenticationTokenFilter - ===req url=>>>/sysApp/selectAll
[INFO ] 17:28:04.595 [http-nio-82-exec-7] c.o.s.b.c.f.s.JwtAuthenticationTokenFilter - ===req url=>>>/webjars/bycdao-ui/ace-editor/worker-json.js
[DEBUG] 17:30:00.016 [hutool-cron-2] c.o.s.b.m.c.m.S.selectList - ==>  Preparing: SELECT code,value FROM sys_config WHERE (status = ?)
[DEBUG] 17:30:00.016 [hutool-cron-2] c.o.s.b.m.c.m.S.selectList - ==> Parameters: 0(Integer)
[DEBUG] 17:30:00.019 [hutool-cron-2] c.o.s.b.m.c.m.S.selectList - <==      Total: 31
[INFO ] 17:30:20.143 [http-nio-82-exec-1] c.o.s.b.c.f.s.JwtAuthenticationTokenFilter - ===req url=>>>/handler/new/getUserByToken
[INFO ] 17:30:20.176 [http-nio-82-exec-4] c.o.s.b.c.f.s.JwtAuthenticationTokenFilter - ===req url=>>>/handler/new/logout
[INFO ] 17:30:22.134 [http-nio-82-exec-6] c.o.s.b.c.f.s.JwtAuthenticationTokenFilter - ===req url=>>>/handler/new/login
[DEBUG] 17:30:22.186 [http-nio-82-exec-6] c.o.c.w.GunsRequestResponseBodyMethodProcessor - Read "application/json;charset=UTF-8" to [{account=superAdmin, password=123456, c_type=1}]
[DEBUG] 17:30:22.221 [http-nio-82-exec-6] c.o.s.b.m.u.m.S.selectOne - ==>  Preparing: SELECT id,account,password,nick_name,name,avatar,birthday,sex,email,phone,tel,last_login_ip,last_login_time,admin_type,status,create_time,create_user,update_time,update_user FROM sys_user WHERE (account = ? AND status <> ?)
[DEBUG] 17:30:22.223 [http-nio-82-exec-6] c.o.s.b.m.u.m.S.selectOne - ==> Parameters: superAdmin(String), 2(Integer)
[DEBUG] 17:30:22.228 [http-nio-82-exec-6] c.o.s.b.m.u.m.S.selectOne - <==      Total: 1
[DEBUG] 17:30:22.357 [http-nio-82-exec-6] c.o.s.b.m.e.m.S.selectById - ==>  Preparing: SELECT id,job_num,org_id,org_name FROM sys_emp WHERE id=?
[DEBUG] 17:30:22.360 [http-nio-82-exec-6] c.o.s.b.m.e.m.S.selectById - ==> Parameters: 1265476890672672808(Long)
[DEBUG] 17:30:22.361 [http-nio-82-exec-6] c.o.s.b.m.e.m.S.selectById - <==      Total: 0
[DEBUG] 17:30:22.378 [http-nio-82-exec-6] c.o.s.b.m.r.m.S.selectMaps - ==>  Preparing: SELECT id,name,code,sort,data_scope_type,remark,status,app_code,create_time,create_user,update_time,update_user FROM sys_role
[DEBUG] 17:30:22.378 [http-nio-82-exec-6] c.o.s.b.m.r.m.S.selectMaps - ==> Parameters: 
[DEBUG] 17:30:22.386 [http-nio-82-exec-6] c.o.s.b.m.r.m.S.selectMaps - <==      Total: 33
[DEBUG] 17:30:22.403 [http-nio-82-exec-6] c.o.s.b.m.u.m.S.selectList - ==>  Preparing: SELECT id,user_id,role_id FROM sys_user_role WHERE (user_id = ?)
[DEBUG] 17:30:22.404 [http-nio-82-exec-6] c.o.s.b.m.u.m.S.selectList - ==> Parameters: 1265476890672672808(Long)
[DEBUG] 17:30:22.404 [http-nio-82-exec-6] c.o.s.b.m.u.m.S.selectList - <==      Total: 0
[DEBUG] 17:30:22.411 [http-nio-82-exec-6] c.o.s.b.m.a.m.S.getAllByRoleIds - ==>  Preparing: select * from sys_app where 1=1 and status = 0 and code in ( select DISTINCT app_code from sys_role where id in ( ? , ? , ? , ? , ? , ? , ? , ? , ? , ? , ? , ? , ? , ? , ? , ? , ? , ? , ? , ? , ? , ? , ? , ? , ? , ? , ? , ? , ? , ? , ? , ? , ? ) )
[DEBUG] 17:30:22.426 [http-nio-82-exec-6] c.o.s.b.m.a.m.S.getAllByRoleIds - ==> Parameters: 1572466849276665858(Long), 1572467157792890882(Long), 1265476890672672819(Long), 1574954493734809601(Long), 1596017381436551169(Long), 1265476890672672817(Long), 1595982746371485697(Long), 1604760387871879169(Long), 1584740830946414593(Long), 1614826961213837313(Long), 1265476890672672818(Long), 1620716034931605505(Long), 1622486284144144386(Long), 1572472967579230210(Long), 1579001040872587266(Long), 1579001927753973762(Long), 1572473028459552769(Long), 1572478187487027202(Long), 1572464607488331778(Long), 1572471114946764802(Long), 1572397244917579778(Long), 1572397194858561537(Long), 1583359711160270849(Long), 1574954346682511362(Long), 1583374001816698882(Long), 1570295189113466881(Long), 1566606767449800705(Long), 1587281013973635073(Long), 1595981905853935618(Long), 1595982017506308098(Long), 1595982206145130497(Long), 1595982567199207425(Long), 1572871104131112962(Long)
[DEBUG] 17:30:22.432 [http-nio-82-exec-6] c.o.s.b.m.a.m.S.getAllByRoleIds - <==      Total: 16
[DEBUG] 17:30:22.437 [http-nio-82-exec-6] c.o.s.b.m.u.m.S.selectById - ==>  Preparing: SELECT id,account,password,nick_name,name,avatar,birthday,sex,email,phone,tel,last_login_ip,last_login_time,admin_type,status,create_time,create_user,update_time,update_user FROM sys_user WHERE id=?
[DEBUG] 17:30:22.439 [http-nio-82-exec-6] c.o.s.b.m.u.m.S.selectById - ==> Parameters: 1265476890672672808(Long)
[DEBUG] 17:30:22.441 [http-nio-82-exec-6] c.o.s.b.m.u.m.S.selectById - <==      Total: 1
[DEBUG] 17:30:22.458 [http-nio-82-exec-6] c.o.s.b.m.m.m.S.selectList - ==>  Preparing: SELECT id,pid,pids,name,code,type,icon,router,component,permission,application,open_type,visible,link,redirect,weight,sort,remark,status,create_time,create_user,update_time,update_user FROM sys_menu WHERE (status = ? AND application = ? AND type NOT IN (?) AND weight NOT IN (?)) ORDER BY sort ASC
[DEBUG] 17:30:22.469 [http-nio-82-exec-6] c.o.s.b.m.m.m.S.selectList - ==> Parameters: 0(Integer), system(String), 2(Integer), 2(Integer)
[DEBUG] 17:30:22.479 [http-nio-82-exec-6] c.o.s.b.m.m.m.S.selectList - <==      Total: 32
[WARN ] 17:30:22.484 [http-nio-82-exec-6] c.o.c.c.c.ConstantContextHolder - >>> 系统配置sys_config表中存在空项，configCode为：GUNS_TENANT_OPEN，系统采用默认值：false
[DEBUG] 17:30:22.505 [http-nio-82-exec-6] c.o.s.b.m.u.m.S.updateById - ==>  Preparing: UPDATE sys_user SET account=?, password=?, nick_name=?, name=?, birthday=?, sex=?, email=?, phone=?, tel=?, last_login_ip=?, last_login_time=?, admin_type=?, status=?, create_time=?, create_user=?, update_time=?, update_user=? WHERE id=?
[DEBUG] 17:30:22.521 [http-nio-82-exec-6] c.o.s.b.m.u.m.S.updateById - ==> Parameters: superAdmin(String), $2a$09$PiCiFNspSlTBE9CakVs8ZOqx0xa03X9wOm01gMasHch4929TpEWCC(String), 超级管理员(String), 超级管理员(String), 2020-03-18 00:00:00.0(Timestamp), 1(Integer), superAdmin@qq.com(String), 15228937093(String), 12345678(String), 127.0.0.1(String), 2023-03-30 17:30:22.494(Timestamp), 1(Integer), 0(Integer), 2020-05-29 16:39:28.0(Timestamp), -1(Long), 2023-03-30 17:30:22.504(Timestamp), -1(Long), 1265476890672672808(Long)
[DEBUG] 17:30:22.523 [http-nio-82-exec-6] c.o.s.b.m.u.m.S.updateById - <==    Updates: 1
[INFO ] 17:30:22.562 [http-nio-82-exec-5] c.o.s.b.c.f.s.JwtAuthenticationTokenFilter - ===req url=>>>/handler/new/getUserByToken
[DEBUG] 17:30:22.589 [ScheduledExecutorFactoryBean-1] c.o.s.b.m.l.m.SysVisLogMapper.insert - ==>  Preparing: INSERT INTO sys_vis_log ( id, name, success, message, ip, location, browser, os, vis_type, vis_time, account ) VALUES ( ?, ?, ?, ?, ?, ?, ?, ?, ?, ?, ? )
[DEBUG] 17:30:22.601 [ScheduledExecutorFactoryBean-1] c.o.s.b.m.l.m.SysVisLogMapper.insert - ==> Parameters: 1641372284810166273(Long), 登录(String), Y(String), 登录成功(String), 127.0.0.1(String), -(String), Chrome(String), Windows 10 or Windows Server 2016(String), 1(Integer), 2023-03-30 17:30:22.56(Timestamp), superAdmin(String)
[DEBUG] 17:30:22.604 [ScheduledExecutorFactoryBean-1] c.o.s.b.m.l.m.SysVisLogMapper.insert - <==    Updates: 1
[INFO ] 17:30:37.641 [http-nio-82-exec-2] c.o.s.b.c.f.s.JwtAuthenticationTokenFilter - ===req url=>>>/handler/new/getUserByToken
[INFO ] 17:30:39.744 [http-nio-82-exec-9] c.o.s.b.c.f.s.JwtAuthenticationTokenFilter - ===req url=>>>/sysApp/selectAll
[DEBUG] 17:30:39.762 [http-nio-82-exec-9] c.o.s.b.m.a.m.S.selectMaps - ==>  Preparing: SELECT app_id,name FROM sys_app WHERE (status = ?)
[DEBUG] 17:30:39.762 [http-nio-82-exec-9] c.o.s.b.m.a.m.S.selectMaps - ==> Parameters: 0(Integer)
[DEBUG] 17:30:39.764 [http-nio-82-exec-9] c.o.s.b.m.a.m.S.selectMaps - <==      Total: 32
[INFO ] 17:33:32.483 [http-nio-82-exec-8] c.o.s.b.c.f.s.JwtAuthenticationTokenFilter - ===req url=>>>/handler/new/getUserByToken
[INFO ] 17:33:43.440 [http-nio-82-exec-3] c.o.s.b.c.f.s.JwtAuthenticationTokenFilter - ===req url=>>>/sysApp/selectAll
[DEBUG] 17:33:43.462 [http-nio-82-exec-3] c.o.s.b.m.a.m.S.selectMaps - ==>  Preparing: SELECT app_id,name FROM sys_app WHERE (status = ?)
[DEBUG] 17:33:43.462 [http-nio-82-exec-3] c.o.s.b.m.a.m.S.selectMaps - ==> Parameters: 0(Integer)
[DEBUG] 17:33:43.464 [http-nio-82-exec-3] c.o.s.b.m.a.m.S.selectMaps - <==      Total: 32
[INFO ] 17:34:53.517 [http-nio-82-exec-7] c.o.s.b.c.f.s.JwtAuthenticationTokenFilter - ===req url=>>>/handler/new/getUserByToken
[INFO ] 17:34:53.583 [http-nio-82-exec-10] c.o.s.b.c.f.s.JwtAuthenticationTokenFilter - ===req url=>>>/handler/new/logout
[DEBUG] 17:35:00.006 [hutool-cron-3] c.o.s.b.m.c.m.S.selectList - ==>  Preparing: SELECT code,value FROM sys_config WHERE (status = ?)
[DEBUG] 17:35:00.008 [hutool-cron-3] c.o.s.b.m.c.m.S.selectList - ==> Parameters: 0(Integer)
[DEBUG] 17:35:00.010 [hutool-cron-3] c.o.s.b.m.c.m.S.selectList - <==      Total: 31
[INFO ] 17:35:57.479 [http-nio-82-exec-1] c.o.s.b.c.f.s.JwtAuthenticationTokenFilter - ===req url=>>>/handler/new/getUserByToken
[INFO ] 17:35:57.494 [http-nio-82-exec-4] c.o.s.b.c.f.s.JwtAuthenticationTokenFilter - ===req url=>>>/handler/new/logout
[INFO ] 17:36:43.107 [http-nio-82-exec-6] c.o.s.b.c.f.s.JwtAuthenticationTokenFilter - ===req url=>>>/handler/new/getUserByToken
[INFO ] 17:36:43.137 [http-nio-82-exec-5] c.o.s.b.c.f.s.JwtAuthenticationTokenFilter - ===req url=>>>/handler/new/logout
[INFO ] 17:43:02.972 [main] c.orderway.OrderWaySystemApplication - Starting OrderWaySystemApplication using Java 1.8.0_261 on DESKTOP-9K8F50F with PID 936 (D:\project\new\orderway-base-parent\orderway-base-parent\orderway-system\target\classes started by Dell in D:\project\new\orderway-base-parent\orderway-base-parent)
[DEBUG] 17:43:02.973 [main] c.orderway.OrderWaySystemApplication - Running with Spring Boot v2.4.2, Spring v5.3.3
[INFO ] 17:43:02.973 [main] c.orderway.OrderWaySystemApplication - The following profiles are active: local
[WARN ] 17:43:05.053 [main] c.o.c.c.c.ConstantContextHolder - >>> 系统配置sys_config表中存在空项，configCode为：GUNS_DRUID_USERNAME，系统采用默认值：lm5tj29b7k
[WARN ] 17:43:05.053 [main] c.o.c.c.c.ConstantContextHolder - >>> 系统配置sys_config表中存在空项，configCode为：GUNS_DRUID_PASSWORD，系统采用默认值：bfugiocc8m
[WARN ] 17:43:06.408 [main] c.o.c.c.c.ConstantContextHolder - >>> 系统配置sys_config表中存在空项，configCode为：GUNS_FILE_UPLOAD_PATH_FOR_WINDOWS，系统采用默认值：
[WARN ] 17:43:06.408 [main] c.o.c.c.c.ConstantContextHolder - >>> 系统配置sys_config表中存在空项，configCode为：GUNS_FILE_UPLOAD_PATH_FOR_LINUX，系统采用默认值：
[DEBUG] 17:43:06.875 [main] c.o.s.b.c.f.s.JwtAuthenticationTokenFilter - Filter 'jwtAuthenticationTokenFilter' configured for use
